<?xml version="1.0" encoding="UTF-8"?>
<testng-results ignored="0" total="1" passed="1" failed="0" skipped="0">
  <reporter-output>
  </reporter-output>
  <suite started-at="2023-02-28T14:23:38 IST" name="Default suite" finished-at="2023-02-28T14:23:56 IST" duration-ms="18274">
    <groups>
    </groups>
    <test started-at="2023-02-28T14:23:38 IST" name="Default test" finished-at="2023-02-28T14:23:56 IST" duration-ms="18274">
      <class name="com.telus.NewTest">
        <test-method signature="registerDemo()[pri:0, instance:com.telus.NewTest@f0da945]" started-at="2023-02-28T14:23:38 IST" name="registerDemo" finished-at="2023-02-28T14:23:56 IST" duration-ms="18216" status="PASS">
          <reporter-output>
          </reporter-output>
        </test-method> <!-- registerDemo -->
      </class> <!-- com.telus.NewTest -->
    </test> <!-- Default test -->
  </suite> <!-- Default suite -->
</testng-results>
